DEBUG:root:Order:2 3 10.0
DEBUG:root:Finish turn

DEBUG:root:Order:2 4 10.0
DEBUG:root:Finish turn

DEBUG:root:Order:2 19 15.0
DEBUG:root:Finish turn

DEBUG:root:Order:2 20 15.0
DEBUG:root:Order:2 4 32
DEBUG:root:Finish turn

DEBUG:root:Order:2 15 20.0
DEBUG:root:Bad order:4 3.0 8
DEBUG:root:Finish turn

DEBUG:root:Order:2 16 20.0
DEBUG:root:Order:4 0 26.0
DEBUG:root:Order:4 2 4
DEBUG:root:Finish turn

DEBUG:root:Order:2 4 1
DEBUG:root:Finish turn

DEBUG:root:Order:2 19 6
DEBUG:root:Order:4 19 2
DEBUG:root:Finish turn

DEBUG:root:Order:2 19 2
DEBUG:root:Order:2 4 2
DEBUG:root:Finish turn

DEBUG:root:Order:2 19 1
DEBUG:root:Order:4 19 1
DEBUG:root:Finish turn

DEBUG:root:Order:2 19 1
DEBUG:root:Order:2 4 2
DEBUG:root:Finish turn

DEBUG:root:Order:2 15 6
DEBUG:root:Order:4 15 5
DEBUG:root:Order:19 15 2
DEBUG:root:Finish turn

DEBUG:root:Order:2 19 10
DEBUG:root:Order:4 19 7
DEBUG:root:Bad order:15 4.0 6
DEBUG:root:Finish turn

DEBUG:root:Order:15 19 6
DEBUG:root:Order:2 19 1
DEBUG:root:Order:2 4 2
DEBUG:root:Finish turn

DEBUG:root:Order:2 19 1
DEBUG:root:Finish turn

DEBUG:root:Order:2 19 2
DEBUG:root:Finish turn

DEBUG:root:Order:2 19 3
DEBUG:root:Order:2 4 1
DEBUG:root:Finish turn

DEBUG:root:Order:19 9 40.0
DEBUG:root:Order:2 19 11
DEBUG:root:Order:15 19 11
DEBUG:root:Order:4 19 9
DEBUG:root:Finish turn

DEBUG:root:Order:2 0 11
DEBUG:root:Order:15 0 9
DEBUG:root:Order:4 0 8
DEBUG:root:Order:19 0 6
DEBUG:root:Finish turn

DEBUG:root:Order:2 0 1
DEBUG:root:Order:2 19 1
DEBUG:root:Order:2 4 2
DEBUG:root:Finish turn

DEBUG:root:Order:2 0 1
DEBUG:root:Order:2 19 1
DEBUG:root:Finish turn

DEBUG:root:Order:2 0 1
DEBUG:root:Order:15 0 1
DEBUG:root:Order:15 19 1
DEBUG:root:Finish turn

DEBUG:root:Order:19 10 40.0
DEBUG:root:Order:2 19 11
DEBUG:root:Order:4 19 8
DEBUG:root:Order:15 19 8
DEBUG:root:Bad order:0 5.0 6
DEBUG:root:Finish turn

DEBUG:root:Order:0 19 5
DEBUG:root:Order:2 19 3
DEBUG:root:Order:15 19 1
DEBUG:root:Finish turn

DEBUG:root:Order:2 0 1
DEBUG:root:Order:2 19 1
DEBUG:root:Order:2 4 2
DEBUG:root:Finish turn

DEBUG:root:Order:2 0 1
DEBUG:root:Order:2 19 1
DEBUG:root:Finish turn

DEBUG:root:Order:2 0 1
DEBUG:root:Order:15 0 1
DEBUG:root:Order:15 19 1
DEBUG:root:Finish turn

DEBUG:root:Order:2 19 2
DEBUG:root:Order:2 0 1
DEBUG:root:Finish turn

DEBUG:root:Order:2 9 15
DEBUG:root:Order:15 9 13
DEBUG:root:Order:4 9 12
DEBUG:root:Order:19 9 10
DEBUG:root:Finish turn

DEBUG:root:Order:2 9 2
DEBUG:root:Order:2 19 1
DEBUG:root:Order:2 4 2
DEBUG:root:Finish turn

DEBUG:root:Order:4 19 1
DEBUG:root:Order:4 9 1
DEBUG:root:Order:15 9 1
DEBUG:root:Finish turn

DEBUG:root:Order:2 19 2
DEBUG:root:Order:2 4 1
DEBUG:root:Finish turn

DEBUG:root:Order:2 0 2
DEBUG:root:Order:15 0 1
DEBUG:root:Order:15 19 1
DEBUG:root:Order:15 4 1
DEBUG:root:Finish turn

DEBUG:root:Order:19 5 46.0
DEBUG:root:Order:2 19 15
DEBUG:root:Order:4 19 12
DEBUG:root:Order:9 19 8
DEBUG:root:Bad order:9 3.0 12
DEBUG:root:Order:15 0 11
DEBUG:root:Finish turn

DEBUG:root:Order:9 0 3
DEBUG:root:Order:2 0 2
DEBUG:root:Finish turn

DEBUG:root:Order:2 0 3
DEBUG:root:Order:2 4 1
DEBUG:root:Finish turn

DEBUG:root:Order:2 0 1
DEBUG:root:Order:2 4 1
DEBUG:root:Order:15 4 1
DEBUG:root:Finish turn

DEBUG:root:Order:2 0 1
DEBUG:root:Finish turn

DEBUG:root:Order:2 19 6
DEBUG:root:Order:15 19 4
DEBUG:root:Order:4 19 3
DEBUG:root:Order:9 19 1
DEBUG:root:Finish turn

DEBUG:root:Order:2 19 6
DEBUG:root:Order:15 19 4
DEBUG:root:Order:4 19 3
DEBUG:root:Order:9 19 3
DEBUG:root:Order:0 19 2
DEBUG:root:Finish turn

DEBUG:root:Order:2 19 3
DEBUG:root:Order:15 19 1
DEBUG:root:Finish turn

DEBUG:root:Order:2 5 14
DEBUG:root:Order:15 5 12
DEBUG:root:Order:4 5 11
DEBUG:root:Order:9 5 11
DEBUG:root:Order:0 5 9
DEBUG:root:Order:19 5 2
DEBUG:root:Bad order:19 2.0 8
DEBUG:root:Finish turn

DEBUG:root:Bad order:19 7.0 9
DEBUG:root:Order:2 10 7
DEBUG:root:Order:5 10 6
DEBUG:root:Order:15 10 5
DEBUG:root:Order:4 10 4
DEBUG:root:Order:9 10 4
DEBUG:root:Order:0 10 3
DEBUG:root:Finish turn

DEBUG:root:Order:19 10 7
DEBUG:root:Order:2 10 2
DEBUG:root:Order:5 10 2
DEBUG:root:Finish turn

DEBUG:root:Order:2 4 11
DEBUG:root:Bad order:5 8.0 11
DEBUG:root:Order:15 4 9
DEBUG:root:Order:9 4 7
DEBUG:root:Order:19 4 7
DEBUG:root:Order:0 4 5
DEBUG:root:Order:10 4 5
DEBUG:root:Finish turn

DEBUG:root:Order:5 9 21
DEBUG:root:Order:2 9 10
DEBUG:root:Order:15 9 8
DEBUG:root:Bad order:10 6.0 7
DEBUG:root:Order:0 9 6
DEBUG:root:Order:19 9 6
DEBUG:root:Order:19 4 6
DEBUG:root:Finish turn

DEBUG:root:Order:10 19 6
DEBUG:root:Order:2 19 1
DEBUG:root:Order:2 4 2
DEBUG:root:Order:5 4 1
DEBUG:root:Order:5 9 1
DEBUG:root:Finish turn

DEBUG:root:Order:5 19 2
DEBUG:root:Order:5 4 1
DEBUG:root:Order:5 9 1
DEBUG:root:Order:5 10 2
DEBUG:root:Order:2 10 1
DEBUG:root:Finish turn

DEBUG:root:Order:2 19 2
DEBUG:root:Order:2 4 1
DEBUG:root:Order:2 5 1
DEBUG:root:Order:2 9 1
DEBUG:root:Finish turn

DEBUG:root:Order:5 0 3
DEBUG:root:Order:10 0 2
DEBUG:root:Order:15 0 2
DEBUG:root:Order:2 0 1
DEBUG:root:Finish turn

DEBUG:root:Order:4 11 54.0
DEBUG:root:Order:2 4 11
DEBUG:root:Order:5 4 11
DEBUG:root:Order:15 4 9
DEBUG:root:Order:9 4 8
DEBUG:root:Order:10 4 6
DEBUG:root:Bad order:10 2.0 8
DEBUG:root:Order:19 0 6
DEBUG:root:Finish turn

DEBUG:root:Order:2 0 2
DEBUG:root:Order:5 0 2
DEBUG:root:Order:10 0 1
DEBUG:root:Order:10 4 1
DEBUG:root:Order:10 19 1
DEBUG:root:Order:10 9 1
DEBUG:root:Finish turn

DEBUG:root:Order:2 10 2
DEBUG:root:Order:2 0 1
DEBUG:root:Order:2 19 1
DEBUG:root:Order:2 4 3
DEBUG:root:Order:5 4 3
DEBUG:root:Order:15 4 1
DEBUG:root:Finish turn

DEBUG:root:Order:4 0 2
DEBUG:root:Order:4 19 2
DEBUG:root:Order:4 2 1
DEBUG:root:Order:4 10 1
DEBUG:root:Order:4 9 5
DEBUG:root:Order:5 9 2
DEBUG:root:Finish turn

DEBUG:root:Order:11 4 9
DEBUG:root:Order:11 0 5
DEBUG:root:Order:11 19 5
DEBUG:root:Order:11 10 4
DEBUG:root:Order:11 15 2
DEBUG:root:Order:11 2 1
DEBUG:root:Finish turn

DEBUG:root:Order:2 0 1
DEBUG:root:Order:2 11 1
DEBUG:root:Order:2 19 1
DEBUG:root:Order:2 4 2
DEBUG:root:Order:5 4 2
DEBUG:root:Order:9 4 2
DEBUG:root:Finish turn

DEBUG:root:Order:9 14 62.0
DEBUG:root:Order:4 9 12
DEBUG:root:Order:5 9 10
DEBUG:root:Order:11 9 8
DEBUG:root:Order:15 9 8
DEBUG:root:Order:2 9 7
DEBUG:root:Order:0 9 5
DEBUG:root:Order:19 9 5
DEBUG:root:Finish turn

DEBUG:root:Order:2 0 1
DEBUG:root:Order:2 19 1
DEBUG:root:Order:2 4 2
DEBUG:root:Order:5 4 2
DEBUG:root:Order:11 4 1
DEBUG:root:Finish turn

DEBUG:root:Order:4 7 64.0
DEBUG:root:Order:5 4 10
DEBUG:root:Order:11 4 9
DEBUG:root:Order:2 4 8
DEBUG:root:Order:15 4 8
DEBUG:root:Order:9 4 6
DEBUG:root:Order:0 4 5
DEBUG:root:Order:19 4 5
DEBUG:root:Finish turn

DEBUG:root:Order:2 4 2
DEBUG:root:Order:2 0 1
DEBUG:root:Order:2 19 1
DEBUG:root:Order:2 9 2
DEBUG:root:Order:5 9 2
DEBUG:root:Order:11 9 1
DEBUG:root:Finish turn

DEBUG:root:Order:9 19 2
DEBUG:root:Order:9 2 1
DEBUG:root:Order:9 4 1
DEBUG:root:Finish turn

DEBUG:root:Order:5 19 3
DEBUG:root:Order:5 4 2
DEBUG:root:Order:5 9 2
DEBUG:root:Finish turn

DEBUG:root:Order:2 19 10
DEBUG:root:Order:11 19 10
DEBUG:root:Order:15 19 3
DEBUG:root:Order:15 14 7
DEBUG:root:Order:4 14 6
DEBUG:root:Order:5 14 6
DEBUG:root:Order:9 14 3
DEBUG:root:Finish turn

DEBUG:root:Order:2 15 1
DEBUG:root:Order:5 15 1
DEBUG:root:Order:9 15 1
DEBUG:root:Order:9 19 1
DEBUG:root:Finish turn

DEBUG:root:Order:2 0 3
DEBUG:root:Order:5 0 3
DEBUG:root:Order:11 0 2
DEBUG:root:Order:14 0 2
DEBUG:root:Finish turn

DEBUG:root:Order:2 0 4
DEBUG:root:Order:5 0 4
DEBUG:root:Order:11 0 3
DEBUG:root:Order:14 0 3
DEBUG:root:Order:15 0 2
DEBUG:root:Finish turn

DEBUG:root:Order:4 8 64.0
DEBUG:root:Order:2 4 16
DEBUG:root:Order:5 4 16
DEBUG:root:Order:11 4 15
DEBUG:root:Order:15 4 4
DEBUG:root:Order:15 14 14
DEBUG:root:Order:0 14 10
DEBUG:root:Order:19 14 4
DEBUG:root:Finish turn

DEBUG:root:Order:9 15 3
DEBUG:root:Order:19 15 1
DEBUG:root:Order:19 0 2
DEBUG:root:Order:19 4 2
DEBUG:root:Order:19 14 2
DEBUG:root:Order:2 14 1
DEBUG:root:Order:5 14 1
DEBUG:root:Finish turn

DEBUG:root:Order:14 9 11
DEBUG:root:Order:2 9 9
DEBUG:root:Order:5 9 9
DEBUG:root:Order:11 9 8
DEBUG:root:Order:15 9 6
DEBUG:root:Order:4 9 5
DEBUG:root:Order:0 9 4
DEBUG:root:Finish turn

DEBUG:root:Order:2 9 2
DEBUG:root:Order:2 0 1
DEBUG:root:Order:2 19 1
DEBUG:root:Finish turn

DEBUG:root:Order:5 4 4
DEBUG:root:Order:11 4 1
DEBUG:root:Order:11 0 2
DEBUG:root:Order:11 19 2
DEBUG:root:Order:11 9 1
DEBUG:root:Finish turn

DEBUG:root:Order:14 4 9
DEBUG:root:Order:2 4 8
DEBUG:root:Order:5 4 8
DEBUG:root:Order:15 4 6
DEBUG:root:Order:9 4 4
DEBUG:root:Order:0 4 3
DEBUG:root:Order:11 4 3
DEBUG:root:Order:19 4 3
DEBUG:root:Finish turn

DEBUG:root:Order:2 4 2
DEBUG:root:Order:5 4 2
DEBUG:root:Order:11 4 1
DEBUG:root:Order:14 4 1
DEBUG:root:Order:14 0 1
DEBUG:root:Order:14 19 1
DEBUG:root:Order:14 9 1
DEBUG:root:Finish turn

DEBUG:root:Order:2 15 10
DEBUG:root:Order:5 15 10
DEBUG:root:Order:11 15 9
DEBUG:root:Order:9 15 7
DEBUG:root:Order:4 15 6
DEBUG:root:Order:0 15 5
DEBUG:root:Order:19 15 5
DEBUG:root:Finish turn

DEBUG:root:Order:2 15 2
DEBUG:root:Order:2 0 1
DEBUG:root:Order:2 19 1
DEBUG:root:Order:2 4 2
DEBUG:root:Order:5 4 2
DEBUG:root:Order:11 4 1
DEBUG:root:Finish turn

DEBUG:root:Order:4 0 2
DEBUG:root:Order:4 19 2
DEBUG:root:Order:4 2 1
DEBUG:root:Order:4 9 1
DEBUG:root:Order:4 15 3
DEBUG:root:Order:5 15 2
DEBUG:root:Order:11 15 1
DEBUG:root:Finish turn

DEBUG:root:Order:15 19 11
DEBUG:root:Order:5 19 8
DEBUG:root:Order:2 19 7
DEBUG:root:Order:11 19 7
DEBUG:root:Order:9 19 4
DEBUG:root:Order:0 19 2
DEBUG:root:Order:0 4 3
DEBUG:root:Finish turn

DEBUG:root:Order:2 8 5
DEBUG:root:Order:5 8 5
DEBUG:root:Order:4 8 4
DEBUG:root:Order:11 8 4
DEBUG:root:Order:15 8 3
DEBUG:root:Order:9 8 1
DEBUG:root:Order:9 0 1
DEBUG:root:Finish turn

DEBUG:root:Order:7 0 7
DEBUG:root:Order:7 8 3
DEBUG:root:Order:7 19 3
DEBUG:root:Order:7 4 2
DEBUG:root:Order:7 9 2
DEBUG:root:Order:7 15 1
DEBUG:root:Order:7 11 19
DEBUG:root:Finish turn

DEBUG:root:Order:11 14 23
DEBUG:root:Order:2 14 1
DEBUG:root:Order:2 7 6
DEBUG:root:Order:5 7 6
DEBUG:root:Order:15 7 3
DEBUG:root:Order:15 8 3
DEBUG:root:Order:4 8 2
DEBUG:root:Order:9 8 2
DEBUG:root:Order:0 8 1
DEBUG:root:Order:19 8 1
DEBUG:root:Finish turn

DEBUG:root:Order:5 7 5
DEBUG:root:Order:2 7 4
DEBUG:root:Order:11 7 4
DEBUG:root:Order:14 7 3
DEBUG:root:Order:4 7 2
DEBUG:root:Order:9 7 2
DEBUG:root:Order:0 7 1
DEBUG:root:Order:19 7 1
DEBUG:root:Order:19 8 1
DEBUG:root:Finish turn

DEBUG:root:Order:2 0 4
DEBUG:root:Order:5 0 4
DEBUG:root:Order:11 0 3
DEBUG:root:Order:14 0 3
DEBUG:root:Order:15 0 2
DEBUG:root:Order:15 8 1
DEBUG:root:Order:15 7 2
DEBUG:root:Order:4 7 1
DEBUG:root:Order:9 7 1
DEBUG:root:Finish turn

DEBUG:root:Order:2 0 2
DEBUG:root:Order:2 8 2
DEBUG:root:Order:2 15 2
DEBUG:root:Order:2 19 2
DEBUG:root:Order:2 4 2
DEBUG:root:Order:5 4 2
DEBUG:root:Order:7 4 1
DEBUG:root:Order:11 4 1
DEBUG:root:Order:14 4 1
DEBUG:root:Finish turn

DEBUG:root:Order:4 0 7
DEBUG:root:Order:5 0 4
DEBUG:root:Order:11 0 3
DEBUG:root:Order:14 0 2
DEBUG:root:Order:14 2 3
DEBUG:root:Order:14 8 3
DEBUG:root:Order:15 8 1
DEBUG:root:Finish turn

DEBUG:root:Order:5 14 9
DEBUG:root:Order:2 14 8
DEBUG:root:Order:8 14 8
DEBUG:root:Order:11 14 8
DEBUG:root:Order:15 14 7
DEBUG:root:Order:4 14 6
DEBUG:root:Order:9 14 6
DEBUG:root:Order:7 14 5
DEBUG:root:Bad order:0 3.0 4
DEBUG:root:Order:19 14 4
DEBUG:root:Finish turn

DEBUG:root:Order:0 14 2
DEBUG:root:Order:0 7 1
DEBUG:root:Order:0 8 1
DEBUG:root:Bad order:0 0.0 1
DEBUG:root:Bad order:0 0.0 2
DEBUG:root:Order:2 4 2
DEBUG:root:Order:5 4 2
DEBUG:root:Order:11 4 1
DEBUG:root:Finish turn

DEBUG:root:Order:4 0 3
DEBUG:root:Order:4 19 3
DEBUG:root:Order:4 7 2
DEBUG:root:Order:4 8 2
DEBUG:root:Order:4 9 1
DEBUG:root:Finish turn

DEBUG:root:Order:2 4 5
DEBUG:root:Order:5 4 2
DEBUG:root:Order:5 0 1
DEBUG:root:Order:5 7 1
DEBUG:root:Order:5 8 1
DEBUG:root:Order:5 19 1
DEBUG:root:Order:5 9 5
DEBUG:root:Order:11 9 3
DEBUG:root:Order:14 9 2
DEBUG:root:Order:15 9 1
DEBUG:root:Finish turn

DEBUG:root:Order:9 5 3
DEBUG:root:Order:9 0 2
DEBUG:root:Order:9 7 2
DEBUG:root:Order:9 8 2
DEBUG:root:Order:9 19 2
DEBUG:root:Order:9 4 1
DEBUG:root:Finish turn

DEBUG:root:Order:2 9 3
DEBUG:root:Order:2 0 2
DEBUG:root:Order:2 7 2
DEBUG:root:Order:2 8 2
DEBUG:root:Order:2 19 2
DEBUG:root:Order:2 4 1
DEBUG:root:Finish turn

DEBUG:root:Order:5 8 7
DEBUG:root:Order:11 8 7
DEBUG:root:Order:14 8 7
DEBUG:root:Order:15 8 4
DEBUG:root:Order:4 8 2
DEBUG:root:Order:9 8 2
DEBUG:root:Order:0 8 1
DEBUG:root:Order:19 8 1
DEBUG:root:Finish turn

DEBUG:root:Order:5 15 11
DEBUG:root:Order:11 15 10
DEBUG:root:Order:14 15 10
DEBUG:root:Order:2 15 9
DEBUG:root:Order:4 15 8
DEBUG:root:Order:9 15 8
DEBUG:root:Order:0 15 7
DEBUG:root:Order:19 15 7
DEBUG:root:Order:8 15 2
DEBUG:root:Finish turn

DEBUG:root:Order:2 0 1
DEBUG:root:Order:2 8 1
DEBUG:root:Order:2 19 1
DEBUG:root:Order:2 4 2
DEBUG:root:Order:5 4 2
DEBUG:root:Order:11 4 1
DEBUG:root:Order:14 4 1
DEBUG:root:Finish turn

DEBUG:root:Order:4 0 2
DEBUG:root:Order:4 8 2
DEBUG:root:Order:4 19 2
DEBUG:root:Order:4 9 1
DEBUG:root:Order:4 2 4
DEBUG:root:Order:5 2 2
DEBUG:root:Order:11 2 1
DEBUG:root:Order:14 2 1
DEBUG:root:Finish turn

DEBUG:root:Order:2 9 17
DEBUG:root:Order:5 9 10
DEBUG:root:Order:11 9 9
DEBUG:root:Order:14 9 9
DEBUG:root:Order:15 9 8
DEBUG:root:Order:0 9 5
DEBUG:root:Order:8 9 5
DEBUG:root:Order:19 9 5
DEBUG:root:Finish turn

DEBUG:root:Order:2 11 9
DEBUG:root:Order:5 11 9
DEBUG:root:Order:14 11 8
DEBUG:root:Order:15 11 7
DEBUG:root:Order:4 11 6
DEBUG:root:Order:0 11 5
DEBUG:root:Order:8 11 5
DEBUG:root:Order:19 11 5
DEBUG:root:Order:9 11 1
DEBUG:root:Finish turn

DEBUG:root:Order:2 11 3
DEBUG:root:Order:5 11 3
DEBUG:root:Order:5 0 1
DEBUG:root:Order:5 8 1
DEBUG:root:Order:5 19 1
DEBUG:root:Finish turn

DEBUG:root:Order:14 19 7
DEBUG:root:Order:2 19 6
DEBUG:root:Order:11 19 5
DEBUG:root:Order:15 19 5
DEBUG:root:Order:4 19 3
DEBUG:root:Order:5 19 3
DEBUG:root:Order:9 19 3
DEBUG:root:Order:0 19 2
DEBUG:root:Order:8 19 2
DEBUG:root:Finish turn

DEBUG:root:Order:2 0 6
DEBUG:root:Order:5 0 6
DEBUG:root:Order:11 0 5
DEBUG:root:Order:14 0 5
DEBUG:root:Order:15 0 4
DEBUG:root:Order:4 0 3
DEBUG:root:Order:9 0 2
DEBUG:root:Order:9 19 3
DEBUG:root:Order:8 19 2
DEBUG:root:Finish turn

DEBUG:root:Order:2 4 9
DEBUG:root:Order:5 4 9
DEBUG:root:Order:11 4 8
DEBUG:root:Order:14 4 8
DEBUG:root:Order:15 4 7
DEBUG:root:Order:8 4 5
DEBUG:root:Order:0 4 4
DEBUG:root:Order:9 4 4
DEBUG:root:Order:19 4 3
DEBUG:root:Finish turn

DEBUG:root:Order:2 14 9
DEBUG:root:Order:5 14 9
DEBUG:root:Order:7 14 8
DEBUG:root:Order:11 14 8
DEBUG:root:Order:15 14 7
DEBUG:root:Order:9 14 6
DEBUG:root:Order:0 14 5
DEBUG:root:Order:8 14 5
DEBUG:root:Order:19 14 4
DEBUG:root:Order:19 4 1
DEBUG:root:Finish turn

DEBUG:root:Order:2 7 4
DEBUG:root:Order:5 7 4
DEBUG:root:Order:11 7 3
DEBUG:root:Order:14 7 3
DEBUG:root:Order:15 7 2
DEBUG:root:Order:4 7 1
DEBUG:root:Order:9 7 1
DEBUG:root:Finish turn

DEBUG:root:Order:2 7 3
DEBUG:root:Order:5 7 3
DEBUG:root:Order:11 7 2
DEBUG:root:Order:11 0 1
DEBUG:root:Order:11 8 1
DEBUG:root:Order:11 19 1
DEBUG:root:Finish turn

DEBUG:root:Order:14 15 10
DEBUG:root:Order:2 15 9
DEBUG:root:Order:5 15 9
DEBUG:root:Order:4 15 6
DEBUG:root:Order:9 15 6
DEBUG:root:Order:0 15 5
DEBUG:root:Order:7 15 5
DEBUG:root:Order:8 15 5
DEBUG:root:Order:11 15 5
DEBUG:root:Order:19 15 5
DEBUG:root:Finish turn

DEBUG:root:Order:2 15 2
DEBUG:root:Order:5 15 1
DEBUG:root:Order:5 0 1
DEBUG:root:Order:5 7 1
DEBUG:root:Order:5 8 1
DEBUG:root:Order:5 19 1
DEBUG:root:Order:5 4 2
DEBUG:root:Order:11 4 1
DEBUG:root:Order:14 4 1
DEBUG:root:Finish turn

DEBUG:root:Order:2 0 1
DEBUG:root:Order:2 5 1
DEBUG:root:Order:2 7 1
DEBUG:root:Order:2 8 1
DEBUG:root:Order:2 19 1
DEBUG:root:Order:2 9 3
DEBUG:root:Order:4 9 3
DEBUG:root:Order:11 9 2
DEBUG:root:Order:14 9 2
DEBUG:root:Finish turn

DEBUG:root:Order:9 0 2
DEBUG:root:Order:9 2 2
DEBUG:root:Order:9 7 2
DEBUG:root:Order:9 8 2
DEBUG:root:Order:9 19 2
DEBUG:root:Order:9 4 8
DEBUG:root:Order:5 4 1
DEBUG:root:Order:11 4 1
DEBUG:root:Order:14 4 1
DEBUG:root:Finish turn

DEBUG:root:Order:4 9 10
DEBUG:root:Order:4 0 2
DEBUG:root:Order:4 7 2
DEBUG:root:Order:4 8 2
DEBUG:root:Order:4 19 2
DEBUG:root:Finish turn

DEBUG:root:Order:5 4 5
DEBUG:root:Order:2 4 3
DEBUG:root:Order:2 0 1
DEBUG:root:Order:2 7 1
DEBUG:root:Order:2 8 1
DEBUG:root:Order:2 19 1
DEBUG:root:Order:2 9 4
DEBUG:root:Order:11 9 3
DEBUG:root:Order:15 9 1
DEBUG:root:Finish turn

DEBUG:root:Order:9 2 4
DEBUG:root:Order:9 0 2
DEBUG:root:Order:9 7 2
DEBUG:root:Order:9 8 2
DEBUG:root:Order:9 19 2
DEBUG:root:Order:9 4 1
DEBUG:root:Finish turn

DEBUG:root:Order:5 9 5
DEBUG:root:Order:11 9 1
DEBUG:root:Order:11 0 1
DEBUG:root:Order:11 7 1
DEBUG:root:Order:11 8 1
DEBUG:root:Order:11 19 1
DEBUG:root:Order:11 4 3
DEBUG:root:Order:2 4 2
DEBUG:root:Order:15 4 1
DEBUG:root:Finish turn

DEBUG:root:Order:4 8 11
DEBUG:root:Order:2 8 9
DEBUG:root:Order:5 8 9
DEBUG:root:Order:15 8 7
DEBUG:root:Order:9 8 5
DEBUG:root:Order:0 8 4
DEBUG:root:Order:7 8 1
DEBUG:root:Order:7 14 4
DEBUG:root:Order:19 14 4
DEBUG:root:Order:11 14 3
DEBUG:root:Finish turn

DEBUG:root:Order:2 7 4
DEBUG:root:Order:5 7 4
DEBUG:root:Order:11 7 3
DEBUG:root:Order:15 7 2
DEBUG:root:Order:4 7 1
DEBUG:root:Order:9 7 1
DEBUG:root:Finish turn

DEBUG:root:Order:2 0 5
DEBUG:root:Order:5 0 5
DEBUG:root:Order:11 0 4
DEBUG:root:Order:15 0 3
DEBUG:root:Order:4 0 2
DEBUG:root:Order:9 0 2
DEBUG:root:Order:19 0 1
DEBUG:root:Order:19 7 1
DEBUG:root:Finish turn

DEBUG:root:Order:2 14 11
DEBUG:root:Order:5 14 11
DEBUG:root:Order:11 14 10
DEBUG:root:Order:15 14 9
DEBUG:root:Order:4 14 8
DEBUG:root:Order:9 14 8
DEBUG:root:Bad order:7 6.0 7
DEBUG:root:Order:8 14 7
DEBUG:root:Order:0 14 6
DEBUG:root:Order:19 14 6
DEBUG:root:Finish turn

DEBUG:root:Order:7 0 7
DEBUG:root:Order:2 0 4
DEBUG:root:Order:5 0 4
DEBUG:root:Order:11 0 3
DEBUG:root:Order:11 14 3
DEBUG:root:Order:15 14 2
DEBUG:root:Order:4 14 1
DEBUG:root:Order:9 14 1
DEBUG:root:Finish turn

DEBUG:root:Order:2 11 11
DEBUG:root:Order:5 11 11
DEBUG:root:Order:15 11 9
DEBUG:root:Order:4 11 8
DEBUG:root:Order:9 11 8
DEBUG:root:Bad order:7 2.0 7
DEBUG:root:Order:8 11 7
DEBUG:root:Order:14 11 7
DEBUG:root:Order:19 11 7
DEBUG:root:Bad order:0 2.0 6
DEBUG:root:Finish turn

DEBUG:root:Bad order:7 3.0 10
DEBUG:root:Bad order:0 3.0 9
DEBUG:root:Order:2 4 7
DEBUG:root:Order:5 4 7
DEBUG:root:Order:14 4 6
DEBUG:root:Order:15 4 5
DEBUG:root:Order:9 4 4
DEBUG:root:Order:8 4 3
DEBUG:root:Order:19 4 3
DEBUG:root:Finish turn

DEBUG:root:Bad order:7 4.0 13
DEBUG:root:Bad order:0 6.0 12
DEBUG:root:Order:2 19 7
DEBUG:root:Order:5 19 7
DEBUG:root:Order:14 19 6
DEBUG:root:Order:15 19 5
DEBUG:root:Order:9 19 4
DEBUG:root:Order:8 19 3
DEBUG:root:Finish turn

DEBUG:root:Bad order:7 5.0 19
DEBUG:root:Bad order:0 9.0 18
DEBUG:root:Order:5 2 10
DEBUG:root:Order:14 2 9
DEBUG:root:Order:15 2 8
DEBUG:root:Order:9 2 7
DEBUG:root:Order:11 2 7
DEBUG:root:Order:8 2 6
DEBUG:root:Finish turn

DEBUG:root:Bad order:7 6.0 23
DEBUG:root:Bad order:0 12.0 22
DEBUG:root:Order:5 9 8
DEBUG:root:Order:11 9 7
DEBUG:root:Order:14 9 7
DEBUG:root:Order:15 9 6
DEBUG:root:Order:8 9 4
DEBUG:root:Finish turn

DEBUG:root:Bad order:0 15.0 22
DEBUG:root:Bad order:0 15.0 16
DEBUG:root:Order:0 19 1
DEBUG:root:Finish turn

DEBUG:root:Bad order:0 17.0 18
DEBUG:root:Bad order:7 8.0 18
DEBUG:root:Order:5 9 5
DEBUG:root:Order:11 9 3
DEBUG:root:Order:14 9 3
DEBUG:root:Order:15 9 1
DEBUG:root:Finish turn

DEBUG:root:Order:0 2 12
DEBUG:root:Bad order:0 7.0 12
DEBUG:root:Order:0 7 5
DEBUG:root:Bad order:0 2.0 4
DEBUG:root:Order:0 8 2
DEBUG:root:Finish turn

DEBUG:root:Order:5 9 7
DEBUG:root:Order:11 9 5
DEBUG:root:Order:11 19 5
DEBUG:root:Order:11 0 1
DEBUG:root:Order:11 7 1
DEBUG:root:Order:11 8 1
DEBUG:root:Order:11 4 5
DEBUG:root:Order:14 4 5
DEBUG:root:Order:15 4 3
DEBUG:root:Order:2 4 2
DEBUG:root:Finish turn

DEBUG:root:Order:4 15 22
DEBUG:root:Order:2 15 11
DEBUG:root:Order:5 15 11
DEBUG:root:Order:14 15 10
DEBUG:root:Order:9 15 7
DEBUG:root:Order:0 15 6
DEBUG:root:Order:7 15 6
DEBUG:root:Order:8 15 6
DEBUG:root:Order:19 15 4
DEBUG:root:Order:19 11 2
DEBUG:root:Finish turn

DEBUG:root:Order:2 7 1
DEBUG:root:Order:2 8 1
DEBUG:root:Order:2 19 1
DEBUG:root:Order:2 4 2
DEBUG:root:Order:5 4 2
DEBUG:root:Order:14 4 1
DEBUG:root:Finish turn

DEBUG:root:Order:4 0 4
DEBUG:root:Order:4 7 1
DEBUG:root:Bad order:4 0.0 1
DEBUG:root:Bad order:4 0.0 1
DEBUG:root:Bad order:4 0.0 4
DEBUG:root:Order:5 9 3
DEBUG:root:Order:11 9 2
DEBUG:root:Order:14 9 2
DEBUG:root:Finish turn

DEBUG:root:Order:9 0 7
DEBUG:root:Order:2 0 4
DEBUG:root:Order:5 0 4
DEBUG:root:Order:11 0 3
DEBUG:root:Order:14 0 1
DEBUG:root:Order:14 8 1
DEBUG:root:Order:14 19 1
DEBUG:root:Order:14 7 3
DEBUG:root:Order:15 7 2
DEBUG:root:Finish turn

DEBUG:root:Order:2 4 5
DEBUG:root:Order:5 4 5
DEBUG:root:Order:7 4 5
DEBUG:root:Order:11 4 4
DEBUG:root:Order:15 4 3
DEBUG:root:Order:9 4 2
DEBUG:root:Order:14 4 1
DEBUG:root:Finish turn

DEBUG:root:Order:2 11 14
DEBUG:root:Order:5 11 14
DEBUG:root:Order:14 11 13
DEBUG:root:Order:15 11 12
DEBUG:root:Order:9 11 11
DEBUG:root:Order:0 11 10
DEBUG:root:Order:7 11 10
DEBUG:root:Order:8 11 10
DEBUG:root:Order:19 11 10
DEBUG:root:Order:4 11 3
DEBUG:root:Finish turn

DEBUG:root:Order:2 0 1
DEBUG:root:Order:2 7 1
DEBUG:root:Order:2 8 1
DEBUG:root:Order:2 19 1
DEBUG:root:Order:2 4 2
DEBUG:root:Order:5 4 2
DEBUG:root:Order:11 4 1
DEBUG:root:Order:14 4 1
DEBUG:root:Finish turn

DEBUG:root:Order:4 8 7
DEBUG:root:Order:5 8 5
DEBUG:root:Order:11 8 4
DEBUG:root:Order:14 8 4
DEBUG:root:Order:15 8 3
DEBUG:root:Order:2 8 1
DEBUG:root:Order:9 8 1
DEBUG:root:Finish turn

DEBUG:root:Bad order:2 10.0 11
DEBUG:root:Order:5 14 11
DEBUG:root:Order:11 14 10
DEBUG:root:Order:15 14 9
DEBUG:root:Order:4 14 8
DEBUG:root:Order:9 14 8
DEBUG:root:Order:0 14 7
DEBUG:root:Order:7 14 7
DEBUG:root:Order:19 14 7
DEBUG:root:Finish turn

DEBUG:root:Order:5 2 11
DEBUG:root:Order:11 2 10
DEBUG:root:Order:15 2 9
DEBUG:root:Order:4 2 8
DEBUG:root:Order:9 2 8
DEBUG:root:Bad order:0 6.0 7
DEBUG:root:Order:7 2 7
DEBUG:root:Order:8 2 7
DEBUG:root:Order:19 2 3
DEBUG:root:Order:19 14 7
DEBUG:root:Finish turn

DEBUG:root:Order:0 19 4
DEBUG:root:Order:0 14 2
DEBUG:root:Order:0 7 1
DEBUG:root:Order:0 8 1
DEBUG:root:Bad order:0 0.0 5
DEBUG:root:Order:5 4 2
DEBUG:root:Order:2 4 1
DEBUG:root:Order:11 4 1
DEBUG:root:Finish turn

DEBUG:root:Order:2 0 2
DEBUG:root:Order:4 0 2
DEBUG:root:Order:4 7 2
DEBUG:root:Order:4 8 2
DEBUG:root:Order:4 19 2
DEBUG:root:Order:4 9 1
DEBUG:root:Finish turn

DEBUG:root:Order:5 4 5
DEBUG:root:Order:2 4 2
DEBUG:root:Order:2 0 2
DEBUG:root:Order:2 8 2
DEBUG:root:Order:2 19 2
DEBUG:root:Order:2 9 1
DEBUG:root:Finish turn

DEBUG:root:Order:11 2 3
DEBUG:root:Order:11 0 1
DEBUG:root:Order:11 8 1
DEBUG:root:Order:11 19 1
DEBUG:root:Order:11 4 4
DEBUG:root:Order:14 4 3
DEBUG:root:Order:5 4 2
DEBUG:root:Order:15 4 1
DEBUG:root:Finish turn

DEBUG:root:Bad order:4 6.0 11
DEBUG:root:Order:5 19 5
DEBUG:root:Order:2 19 4
DEBUG:root:Order:14 19 4
DEBUG:root:Order:15 19 3
DEBUG:root:Order:9 19 1
DEBUG:root:Finish turn

DEBUG:root:Order:2 4 5
DEBUG:root:Order:5 4 5
DEBUG:root:Order:14 4 4
DEBUG:root:Order:15 4 1
DEBUG:root:Order:15 19 3
DEBUG:root:Order:9 19 2
DEBUG:root:Order:11 19 2
DEBUG:root:Order:0 19 1
DEBUG:root:Order:8 19 1
DEBUG:root:Finish turn

DEBUG:root:Order:2 9 9
DEBUG:root:Order:5 9 9
DEBUG:root:Order:11 9 8
DEBUG:root:Order:14 9 8
DEBUG:root:Order:15 9 6
DEBUG:root:Order:0 9 5
DEBUG:root:Order:4 9 5
DEBUG:root:Order:8 9 5
DEBUG:root:Order:19 9 2
DEBUG:root:Finish turn

DEBUG:root:Order:2 5 13
DEBUG:root:Order:11 5 12
DEBUG:root:Order:14 5 12
DEBUG:root:Order:15 5 11
DEBUG:root:Order:4 5 10
DEBUG:root:Bad order:0 1.0 9
DEBUG:root:Order:8 5 9
DEBUG:root:Order:19 5 9
DEBUG:root:Order:9 5 4
DEBUG:root:Finish turn

DEBUG:root:Order:2 5 3
DEBUG:root:Order:11 5 2
DEBUG:root:Order:14 5 2
DEBUG:root:Order:15 5 1
DEBUG:root:Finish turn

DEBUG:root:Order:2 0 2
DEBUG:root:Order:2 8 2
DEBUG:root:Order:2 19 2
DEBUG:root:Order:2 4 2
DEBUG:root:Order:11 4 1
DEBUG:root:Order:14 4 1
DEBUG:root:Finish turn

DEBUG:root:Order:4 2 3
DEBUG:root:Order:4 0 2
DEBUG:root:Order:4 8 2
DEBUG:root:Order:4 19 2
DEBUG:root:Order:4 9 1
DEBUG:root:Finish turn

DEBUG:root:Order:5 4 4
DEBUG:root:Order:11 4 3
DEBUG:root:Order:11 0 1
DEBUG:root:Order:11 8 1
DEBUG:root:Order:11 19 1
DEBUG:root:Order:11 9 3
DEBUG:root:Order:14 9 3
DEBUG:root:Order:2 9 2
DEBUG:root:Order:15 9 1
DEBUG:root:Finish turn

DEBUG:root:Order:9 15 16
DEBUG:root:Order:2 15 11
DEBUG:root:Order:5 15 11
DEBUG:root:Order:14 15 10
DEBUG:root:Order:4 15 7
DEBUG:root:Order:0 15 6
DEBUG:root:Order:8 15 6
DEBUG:root:Order:19 15 6
DEBUG:root:Order:11 15 4
DEBUG:root:Finish turn

DEBUG:root:Order:2 0 1
DEBUG:root:Order:2 8 1
DEBUG:root:Order:2 15 1
DEBUG:root:Order:2 19 1
DEBUG:root:Order:2 4 2
DEBUG:root:Order:5 4 2
DEBUG:root:Order:11 4 1
DEBUG:root:Order:14 4 1
DEBUG:root:Finish turn

DEBUG:root:Order:4 2 11
DEBUG:root:Order:5 2 9
DEBUG:root:Order:11 2 8
DEBUG:root:Order:14 2 8
DEBUG:root:Order:15 2 6
DEBUG:root:Order:9 2 5
DEBUG:root:Bad order:0 0.0 4
DEBUG:root:Order:8 2 4
DEBUG:root:Order:19 2 4
DEBUG:root:Finish turn

DEBUG:root:Order:5 2 3
DEBUG:root:Order:11 2 2
DEBUG:root:Order:14 2 2
DEBUG:root:Order:15 2 1
DEBUG:root:Order:15 0 1
DEBUG:root:Finish turn

DEBUG:root:Order:5 4 7
DEBUG:root:Order:2 4 6
DEBUG:root:Order:11 4 6
DEBUG:root:Order:14 4 6
DEBUG:root:Order:9 4 4
DEBUG:root:Order:15 4 4
DEBUG:root:Order:8 4 2
DEBUG:root:Order:19 4 1
DEBUG:root:Order:19 0 2
DEBUG:root:Finish turn

DEBUG:root:Order:2 14 6
DEBUG:root:Order:5 14 6
DEBUG:root:Order:11 14 5
DEBUG:root:Order:15 14 4
DEBUG:root:Order:0 14 3
DEBUG:root:Order:9 14 3
DEBUG:root:Order:4 14 2
DEBUG:root:Order:8 14 2
DEBUG:root:Order:19 14 1
DEBUG:root:Finish turn

DEBUG:root:Order:2 8 4
DEBUG:root:Order:5 8 4
DEBUG:root:Order:11 8 3
DEBUG:root:Order:15 8 2
DEBUG:root:Order:15 14 2
DEBUG:root:Order:4 14 1
DEBUG:root:Order:9 14 1
DEBUG:root:Finish turn

DEBUG:root:Order:2 11 14
DEBUG:root:Order:5 11 14
DEBUG:root:Order:4 11 11
DEBUG:root:Order:9 11 11
DEBUG:root:Order:14 11 11
DEBUG:root:Bad order:0 7.0 10
DEBUG:root:Order:15 11 10
DEBUG:root:Order:19 11 10
DEBUG:root:Bad order:8 3.0 9
DEBUG:root:Finish turn

DEBUG:root:Order:0 11 8
DEBUG:root:Bad order:8 6.0 7
DEBUG:root:Order:2 11 2
DEBUG:root:Order:5 11 2
DEBUG:root:Order:14 11 1
DEBUG:root:Finish turn

DEBUG:root:Order:8 11 5
DEBUG:root:Order:8 19 3
DEBUG:root:Order:8 4 1
DEBUG:root:Bad order:8 0.0 1
DEBUG:root:Finish turn

DEBUG:root:Order:2 8 4
DEBUG:root:Order:5 8 1
DEBUG:root:Order:5 9 2
DEBUG:root:Order:5 19 2
DEBUG:root:Order:5 4 1
DEBUG:root:Finish turn

DEBUG:root:Order:14 8 2
DEBUG:root:Order:14 19 2
DEBUG:root:Order:14 4 1
DEBUG:root:Order:14 9 1
DEBUG:root:Finish turn

DEBUG:root:Order:2 5 18
DEBUG:root:Order:11 5 16
DEBUG:root:Order:15 5 14
DEBUG:root:Order:4 5 12
DEBUG:root:Order:9 5 12
DEBUG:root:Bad order:8 6.0 11
DEBUG:root:Order:19 5 11
DEBUG:root:Finish turn

DEBUG:root:Bad order:8 7.0 9
DEBUG:root:Order:2 5 2
DEBUG:root:Order:11 5 1
DEBUG:root:Finish turn

DEBUG:root:Order:8 5 7
DEBUG:root:Order:2 5 2
DEBUG:root:Order:2 4 1
DEBUG:root:Order:2 9 1
DEBUG:root:Finish turn

DEBUG:root:Order:11 2 14
DEBUG:root:Order:5 2 13
DEBUG:root:Order:15 2 12
DEBUG:root:Order:4 2 10
DEBUG:root:Bad order:8 5.0 10
DEBUG:root:Order:9 2 10
DEBUG:root:Finish turn

DEBUG:root:Order:5 2 3
DEBUG:root:Order:11 2 2
DEBUG:root:Order:15 2 1
DEBUG:root:Finish turn

DEBUG:root:Order:5 2 1
DEBUG:root:Order:5 4 1
DEBUG:root:Order:5 9 1
DEBUG:root:Finish turn

DEBUG:root:Order:2 4 1
DEBUG:root:Order:2 9 1
DEBUG:root:Order:2 15 1
DEBUG:root:Order:11 15 1
DEBUG:root:Finish turn

DEBUG:root:Order:5 4 2
DEBUG:root:Order:5 9 2
DEBUG:root:Finish turn

DEBUG:root:Order:2 9 5
DEBUG:root:Order:11 9 5
DEBUG:root:Order:15 9 4
DEBUG:root:Order:5 9 3
DEBUG:root:Order:4 9 2
DEBUG:root:Finish turn

DEBUG:root:Order:2 9 2
DEBUG:root:Order:5 9 2
DEBUG:root:Order:11 9 1
DEBUG:root:Order:11 4 1
DEBUG:root:Finish turn

DEBUG:root:Order:2 4 12
DEBUG:root:Order:5 4 12
DEBUG:root:Order:11 4 10
DEBUG:root:Order:15 4 10
DEBUG:root:Order:9 4 8
DEBUG:root:Finish turn

DEBUG:root:Order:2 4 1
DEBUG:root:Order:2 9 1
DEBUG:root:Order:2 15 1
DEBUG:root:Order:5 15 1
DEBUG:root:Finish turn

DEBUG:root:Order:5 15 8
DEBUG:root:Order:11 15 7
DEBUG:root:Order:2 15 6
DEBUG:root:Order:4 15 4
DEBUG:root:Order:9 15 4
DEBUG:root:Finish turn

DEBUG:root:Order:2 4 1
DEBUG:root:Order:2 9 1
DEBUG:root:Order:2 15 1
DEBUG:root:Finish turn

DEBUG:root:Order:5 4 1
DEBUG:root:Order:5 9 1
DEBUG:root:Order:5 15 3
DEBUG:root:Order:11 15 1
DEBUG:root:Finish turn

DEBUG:root:Order:15 4 2
DEBUG:root:Order:15 9 2
DEBUG:root:Order:15 5 2
DEBUG:root:Order:2 5 1
DEBUG:root:Finish turn

DEBUG:root:Order:5 15 3
DEBUG:root:Order:5 4 1
DEBUG:root:Order:5 9 1
DEBUG:root:Finish turn

DEBUG:root:Order:2 4 2
DEBUG:root:Order:2 9 2
DEBUG:root:Order:2 15 1
DEBUG:root:Finish turn

DEBUG:root:Order:5 2 31
DEBUG:root:Order:11 2 31
DEBUG:root:Order:15 2 28
DEBUG:root:Order:4 2 27
DEBUG:root:Finish turn

DEBUG:root:Order:9 4 5
DEBUG:root:Bad order:9 2.0 4
DEBUG:root:Bad order:9 2.0 3
DEBUG:root:Bad order:9 2.0 3
DEBUG:root:Order:9 5 2
DEBUG:root:Finish turn

DEBUG:root:Bad order:5 5.0 9
DEBUG:root:Order:2 9 6
DEBUG:root:Order:4 9 6
DEBUG:root:Order:11 9 5
DEBUG:root:Order:15 9 3
DEBUG:root:Finish turn

DEBUG:root:Bad order:5 10.0 21
DEBUG:root:Order:2 11 12
DEBUG:root:Order:4 11 9
DEBUG:root:Finish turn

DEBUG:root:Order:2 5 31
DEBUG:root:Order:4 5 28
DEBUG:root:Bad order:9 11.0 24
DEBUG:root:Bad order:11 8.0 12
DEBUG:root:Finish turn

DEBUG:root:Bad order:9 17.0 23
DEBUG:root:Bad order:11 12.0 13
DEBUG:root:Order:2 5 2
DEBUG:root:Finish turn

DEBUG:root:Order:9 5 21
DEBUG:root:Order:11 5 13
DEBUG:root:Order:11 4 2
DEBUG:root:Finish turn

DEBUG:root:Order:2 4 2
DEBUG:root:Order:2 9 1
DEBUG:root:Order:2 11 1
DEBUG:root:Finish turn

DEBUG:root:Order:5 4 1
DEBUG:root:Order:5 9 1
DEBUG:root:Finish turn

DEBUG:root:Order:2 4 1
DEBUG:root:Order:5 4 1
DEBUG:root:Order:5 9 1
DEBUG:root:Finish turn

DEBUG:root:Order:2 9 2
DEBUG:root:Order:2 4 1
DEBUG:root:Finish turn

DEBUG:root:Order:5 4 2
DEBUG:root:Order:5 9 2
DEBUG:root:Finish turn

DEBUG:root:Order:2 4 2
DEBUG:root:Order:2 9 2
DEBUG:root:Finish turn

DEBUG:root:Order:11 4 1
DEBUG:root:Bad order:11 0.0 1
DEBUG:root:Bad order:11 0.0 2
DEBUG:root:Order:5 2 1
DEBUG:root:Finish turn

DEBUG:root:Order:2 11 12
DEBUG:root:Order:5 11 12
DEBUG:root:Order:4 11 8
DEBUG:root:Order:9 11 7
DEBUG:root:Finish turn

DEBUG:root:Order:2 11 2
DEBUG:root:Order:2 4 1
DEBUG:root:Order:2 9 1
DEBUG:root:Finish turn

DEBUG:root:Order:5 4 1
DEBUG:root:Order:5 9 1
DEBUG:root:Order:5 2 3
DEBUG:root:Finish turn

DEBUG:root:Order:2 9 2
DEBUG:root:Order:2 5 3
DEBUG:root:Finish turn

DEBUG:root:Order:5 9 2
DEBUG:root:Order:5 2 3
DEBUG:root:Finish turn

DEBUG:root:Order:2 9 2
DEBUG:root:Order:2 5 3
DEBUG:root:Finish turn

DEBUG:root:Order:5 9 2
DEBUG:root:Order:5 2 3
DEBUG:root:Finish turn

DEBUG:root:Order:2 9 2
DEBUG:root:Order:2 5 3
DEBUG:root:Finish turn

DEBUG:root:Order:5 9 2
DEBUG:root:Order:5 2 3
DEBUG:root:Finish turn

DEBUG:root:Order:2 9 18
DEBUG:root:Order:11 9 15
DEBUG:root:Order:5 9 14
DEBUG:root:Finish turn

DEBUG:root:Order:5 2 23
DEBUG:root:Order:11 2 22
DEBUG:root:Bad order:9 13.0 20
DEBUG:root:Finish turn

DEBUG:root:Bad order:9 15.0 18
DEBUG:root:Order:5 2 1
DEBUG:root:Finish turn

DEBUG:root:Order:9 2 16
DEBUG:root:Order:5 2 1
DEBUG:root:Finish turn

DEBUG:root:Order:5 11 25
DEBUG:root:Order:2 11 23
DEBUG:root:Bad order:9 6.0 22
DEBUG:root:Finish turn

DEBUG:root:Bad order:9 12.0 20
DEBUG:root:Order:2 11 1
DEBUG:root:Order:5 11 1
DEBUG:root:Finish turn

DEBUG:root:Bad order:9 14.0 18
DEBUG:root:Order:2 11 1
DEBUG:root:Order:5 11 1
DEBUG:root:Finish turn

DEBUG:root:Order:9 11 16
DEBUG:root:Order:2 11 1
DEBUG:root:Order:5 11 1
DEBUG:root:Finish turn

DEBUG:root:Order:2 9 1
DEBUG:root:Order:2 11 1
DEBUG:root:Finish turn

DEBUG:root:Order:2 9 1
DEBUG:root:Order:11 9 1
DEBUG:root:Finish turn

DEBUG:root:Order:2 9 1
DEBUG:root:Finish turn

DEBUG:root:Order:2 9 1
DEBUG:root:Finish turn

DEBUG:root:Order:2 9 2
DEBUG:root:Order:11 9 1
DEBUG:root:Finish turn

DEBUG:root:Order:2 9 1
DEBUG:root:Finish turn

DEBUG:root:Order:11 2 26
DEBUG:root:Order:9 2 23
DEBUG:root:Finish turn

DEBUG:root:Finish turn

DEBUG:root:Order:2 9 2
DEBUG:root:Order:11 9 1
DEBUG:root:Finish turn

DEBUG:root:Order:2 9 1
DEBUG:root:Finish turn

DEBUG:root:Order:2 9 1
DEBUG:root:Finish turn

DEBUG:root:Order:2 9 2
DEBUG:root:Order:11 9 1
DEBUG:root:Finish turn

DEBUG:root:Order:2 9 1
DEBUG:root:Finish turn

DEBUG:root:Order:2 9 1
DEBUG:root:Finish turn

DEBUG:root:Order:2 9 2
DEBUG:root:Order:11 9 1
DEBUG:root:Finish turn

DEBUG:root:Order:2 9 1
DEBUG:root:Finish turn

DEBUG:root:Order:2 9 1
DEBUG:root:Finish turn

DEBUG:root:Order:2 9 2
DEBUG:root:Order:11 9 1
DEBUG:root:Finish turn

DEBUG:root:Order:2 9 24
DEBUG:root:Order:11 9 23
DEBUG:root:Finish turn

DEBUG:root:Order:2 11 26
DEBUG:root:Order:9 11 22
DEBUG:root:Finish turn

DEBUG:root:Finish turn

DEBUG:root:Order:11 9 1
DEBUG:root:Finish turn

DEBUG:root:Order:11 9 1
DEBUG:root:Finish turn

DEBUG:root:Order:11 9 1
DEBUG:root:Finish turn

DEBUG:root:Order:11 9 1
DEBUG:root:Finish turn

DEBUG:root:Order:11 9 1
DEBUG:root:Finish turn

DEBUG:root:Order:11 9 1
DEBUG:root:Finish turn

DEBUG:root:Finish turn

DEBUG:root:Finish turn

DEBUG:root:Finish turn

DEBUG:root:Order:9 11 8
DEBUG:root:Finish turn

DEBUG:root:Order:9 11 34
DEBUG:root:Finish turn

DEBUG:root:Finish turn

DEBUG:root:Order:11 9 1
DEBUG:root:Finish turn

DEBUG:root:Order:11 9 1
DEBUG:root:Finish turn

DEBUG:root:Order:11 9 1
DEBUG:root:Finish turn

DEBUG:root:Order:11 9 1
DEBUG:root:Finish turn

DEBUG:root:Order:11 9 1
DEBUG:root:Finish turn

DEBUG:root:Order:11 9 1
DEBUG:root:Finish turn

DEBUG:root:Order:11 9 1
DEBUG:root:Finish turn

DEBUG:root:Order:11 9 1
DEBUG:root:Finish turn

DEBUG:root:Order:11 9 1
DEBUG:root:Finish turn

DEBUG:root:Order:11 9 1
DEBUG:root:Finish turn

DEBUG:root:Order:11 9 1
DEBUG:root:Finish turn

DEBUG:root:Order:11 9 19
DEBUG:root:Finish turn

DEBUG:root:Order:11 9 1
DEBUG:root:Finish turn

DEBUG:root:Order:11 9 1
DEBUG:root:Finish turn

DEBUG:root:Bad order:9 18.0 26
DEBUG:root:Finish turn

DEBUG:root:Bad order:9 21.0 25
DEBUG:root:Finish turn

DEBUG:root:Order:9 11 24
DEBUG:root:Finish turn

DEBUG:root:Finish turn

DEBUG:root:Order:11 9 1
DEBUG:root:Finish turn

DEBUG:root:Order:11 9 1
DEBUG:root:Finish turn

DEBUG:root:Order:11 9 1
DEBUG:root:Finish turn

DEBUG:root:Order:11 9 1
DEBUG:root:Finish turn

DEBUG:root:Order:11 9 1
DEBUG:root:Finish turn

DEBUG:root:Order:11 9 1
DEBUG:root:Finish turn

DEBUG:root:Finish turn

DEBUG:root:Finish turn

DEBUG:root:Finish turn

DEBUG:root:Bad order:11 4.0 22
DEBUG:root:Finish turn

DEBUG:root:Bad order:9 15.0 29
DEBUG:root:Finish turn

DEBUG:root:Bad order:9 18.0 28
DEBUG:root:Finish turn

DEBUG:root:Bad order:9 21.0 27
DEBUG:root:Finish turn

DEBUG:root:Bad order:9 24.0 26
DEBUG:root:Finish turn

DEBUG:root:Order:9 11 25
DEBUG:root:Finish turn

DEBUG:root:Order:11 9 1
DEBUG:root:Finish turn

DEBUG:root:Order:11 9 1
DEBUG:root:Finish turn

DEBUG:root:Order:11 9 1
DEBUG:root:Finish turn

DEBUG:root:Order:11 9 1
DEBUG:root:Finish turn

DEBUG:root:Order:11 9 1
DEBUG:root:Finish turn

DEBUG:root:Order:11 9 1
DEBUG:root:Finish turn

DEBUG:root:Order:11 9 1
DEBUG:root:Finish turn

DEBUG:root:Order:11 9 1
DEBUG:root:Finish turn

DEBUG:root:Order:11 9 1
DEBUG:root:Finish turn

DEBUG:root:Order:11 9 1
DEBUG:root:Finish turn

DEBUG:root:Order:11 9 1
DEBUG:root:Finish turn

DEBUG:root:Order:11 9 1
DEBUG:root:Finish turn

DEBUG:root:Order:11 9 1
DEBUG:root:Finish turn

DEBUG:root:Order:11 9 1
DEBUG:root:Finish turn

DEBUG:root:Order:11 9 1
DEBUG:root:Finish turn

DEBUG:root:Order:11 9 1
DEBUG:root:Finish turn

DEBUG:root:Order:11 9 1
DEBUG:root:Finish turn

DEBUG:root:Finish turn

DEBUG:root:Finish turn

DEBUG:root:Finish turn

DEBUG:root:Finish turn

DEBUG:root:Finish turn

DEBUG:root:Finish turn

DEBUG:root:Finish turn

DEBUG:root:Finish turn

DEBUG:root:Finish turn

DEBUG:root:Finish turn

DEBUG:root:Finish turn

DEBUG:root:Finish turn

DEBUG:root:Finish turn

DEBUG:root:Finish turn

DEBUG:root:Finish turn

