DEBUG:root:Order:2 9 85.0
DEBUG:root:Finish turn

<<<<<<< HEAD
=======
DEBUG:root:Order:2 11 13.0
DEBUG:root:Finish turn

DEBUG:root:Order:2 17 5.0
DEBUG:root:Finish turn

DEBUG:root:Order:2 18 5.0
DEBUG:root:Finish turn

DEBUG:root:Finish turn

DEBUG:root:Order:2 12 13.0
DEBUG:root:Finish turn

DEBUG:root:Finish turn

DEBUG:root:Finish turn

DEBUG:root:Finish turn

DEBUG:root:Order:2 5 23.0
DEBUG:root:Finish turn

DEBUG:root:Finish turn

DEBUG:root:Finish turn

DEBUG:root:Finish turn

DEBUG:root:Finish turn

DEBUG:root:Finish turn

DEBUG:root:Order:2 6 27.0
DEBUG:root:Finish turn

DEBUG:root:Finish turn

DEBUG:root:Finish turn

DEBUG:root:Finish turn

DEBUG:root:Finish turn

DEBUG:root:Order:11 0 38.0
DEBUG:root:Finish turn

DEBUG:root:Finish turn

DEBUG:root:Finish turn

DEBUG:root:Finish turn

DEBUG:root:Finish turn

DEBUG:root:Finish turn

DEBUG:root:Order:2 19 56.0
DEBUG:root:Order:12 18 20.0
DEBUG:root:Finish turn

DEBUG:root:Finish turn

DEBUG:root:Finish turn

DEBUG:root:Finish turn

DEBUG:root:Finish turn

DEBUG:root:Finish turn

DEBUG:root:Finish turn

DEBUG:root:Order:12 20 56.0
DEBUG:root:Finish turn

DEBUG:root:Order:11 21 59.0
DEBUG:root:Finish turn

DEBUG:root:Order:2 5 19.0
DEBUG:root:Order:17 0 23.0
DEBUG:root:Finish turn

DEBUG:root:Finish turn

DEBUG:root:Finish turn

DEBUG:root:Order:2 9 8.0
DEBUG:root:Finish turn

DEBUG:root:Finish turn

DEBUG:root:Finish turn

DEBUG:root:Finish turn

DEBUG:root:Finish turn

DEBUG:root:Order:2 13 60.0
DEBUG:root:Order:12 4 30.0
DEBUG:root:Order:11 15 41.0
DEBUG:root:Finish turn

DEBUG:root:Finish turn

DEBUG:root:Finish turn

DEBUG:root:Finish turn

DEBUG:root:Order:17 18 30.0
DEBUG:root:Finish turn

DEBUG:root:Order:12 0 14.0
DEBUG:root:Finish turn

DEBUG:root:Order:12 6 13.0
DEBUG:root:Finish turn

DEBUG:root:Finish turn

DEBUG:root:Finish turn

DEBUG:root:Finish turn

DEBUG:root:Finish turn

DEBUG:root:Order:11 22 59.0
DEBUG:root:Finish turn

DEBUG:root:Order:2 14 60.0
DEBUG:root:Finish turn

DEBUG:root:Finish turn

DEBUG:root:Order:12 16 60.0
DEBUG:root:Finish turn

DEBUG:root:Finish turn

DEBUG:root:Finish turn

DEBUG:root:Finish turn

DEBUG:root:Finish turn

DEBUG:root:Order:4 1 53.0
DEBUG:root:Finish turn

DEBUG:root:Finish turn

DEBUG:root:Finish turn

DEBUG:root:Finish turn

DEBUG:root:Order:21 20 25.0
DEBUG:root:Finish turn

DEBUG:root:Finish turn

DEBUG:root:Order:11 18 16.0
DEBUG:root:Finish turn

DEBUG:root:Order:2 5 13.0
DEBUG:root:Finish turn

DEBUG:root:Finish turn

DEBUG:root:Order:12 4 20.0
DEBUG:root:Order:11 6 19.0
DEBUG:root:Finish turn

DEBUG:root:Finish turn

DEBUG:root:Finish turn

DEBUG:root:Order:2 3 82.0
DEBUG:root:Finish turn

DEBUG:root:Finish turn

DEBUG:root:Order:12 9 16.0
DEBUG:root:Finish turn

DEBUG:root:Finish turn

DEBUG:root:Order:1 10 85.0
DEBUG:root:Order:11 7 84.0
DEBUG:root:Finish turn

DEBUG:root:Order:21 8 84.0
DEBUG:root:Finish turn

DEBUG:root:Finish turn

DEBUG:root:Finish turn

DEBUG:root:Order:12 18 20.0
DEBUG:root:Finish turn

DEBUG:root:Finish turn

DEBUG:root:Finish turn

DEBUG:root:Finish turn

DEBUG:root:Finish turn

DEBUG:root:Finish turn

DEBUG:root:Finish turn

DEBUG:root:Finish turn

DEBUG:root:Finish turn

DEBUG:root:Finish turn

>>>>>>> c9269ed388f2bcf101346ebed2d873f38a14fd6f
